Replace Part C1 C3216X5R1H475K160AB in H:\fedevel\project\ISL6236_RevA\Sheet1.SchDoc with C3216X5R1H475K160AB from Sheet1_Lib.SchLib
Replace Part C2 C0805C105K5RACTU in H:\fedevel\project\ISL6236_RevA\Sheet1.SchDoc with C0805C105K5RACTU from Sheet1_Lib.SchLib
Replace Part C3 C0805C105K5RACTU in H:\fedevel\project\ISL6236_RevA\Sheet1.SchDoc with C0805C105K5RACTU from Sheet1_Lib.SchLib
Replace Part C4 C0805C105K5RACTU in H:\fedevel\project\ISL6236_RevA\Sheet1.SchDoc with C0805C105K5RACTU from Sheet1_Lib.SchLib
Replace Part C5 C1210C106K6PACTU in H:\fedevel\project\ISL6236_RevA\Sheet1.SchDoc with C1210C106K6PACTU from Sheet1_Lib.SchLib
Replace Part C6 C1210C106K6PACTU in H:\fedevel\project\ISL6236_RevA\Sheet1.SchDoc with C1210C106K6PACTU from Sheet1_Lib.SchLib
Replace Part C7 C0805C104K5RACTU in H:\fedevel\project\ISL6236_RevA\Sheet1.SchDoc with C0805C104K5RACTU from Sheet1_Lib.SchLib
Replace Part C8 C0805C224K5RACTU in H:\fedevel\project\ISL6236_RevA\Sheet1.SchDoc with C0805C224K5RACTU from Sheet1_Lib.SchLib
Replace Part C9 T530X337M010ATE004 in H:\fedevel\project\ISL6236_RevA\Sheet1.SchDoc with T530X337M010ATE004 from Sheet1_Lib.SchLib
Replace Part C10 T530X337M010ATE004 in H:\fedevel\project\ISL6236_RevA\Sheet1.SchDoc with T530X337M010ATE004 from Sheet1_Lib.SchLib
Replace Part C11 C0805F103K5RACTU in H:\fedevel\project\ISL6236_RevA\Sheet1.SchDoc with C0805F103K5RACTU from Sheet1_Lib.SchLib
Replace Part C12 C0805C104K5RACTU in H:\fedevel\project\ISL6236_RevA\Sheet1.SchDoc with C0805C104K5RACTU from Sheet1_Lib.SchLib
Replace Part J1 PAD in H:\fedevel\project\ISL6236_RevA\Sheet1.SchDoc with PAD from Sheet1_Lib.SchLib
Replace Part J2 PAD in H:\fedevel\project\ISL6236_RevA\Sheet1.SchDoc with PAD from Sheet1_Lib.SchLib
Replace Part J3 PAD in H:\fedevel\project\ISL6236_RevA\Sheet1.SchDoc with PAD from Sheet1_Lib.SchLib
Replace Part J4 PAD in H:\fedevel\project\ISL6236_RevA\Sheet1.SchDoc with PAD from Sheet1_Lib.SchLib
Replace Part J5 PAD in H:\fedevel\project\ISL6236_RevA\Sheet1.SchDoc with PAD from Sheet1_Lib.SchLib
Replace Part J6 PAD in H:\fedevel\project\ISL6236_RevA\Sheet1.SchDoc with PAD from Sheet1_Lib.SchLib
Replace Part L1 DR125-3R3-R in H:\fedevel\project\ISL6236_RevA\Sheet1.SchDoc with DR125-3R3-R from Sheet1_Lib.SchLib
Replace Part L2 DR125-2R2-R in H:\fedevel\project\ISL6236_RevA\Sheet1.SchDoc with DR125-2R2-R from Sheet1_Lib.SchLib
Replace Part Q1 SI4816BDY-T1-E3 in H:\fedevel\project\ISL6236_RevA\Sheet1.SchDoc with SI4816BDY-T1-E3 from Sheet1_Lib.SchLib
Replace Part Q2 SI4816BDY-T1-E3 in H:\fedevel\project\ISL6236_RevA\Sheet1.SchDoc with SI4816BDY-T1-E3 from Sheet1_Lib.SchLib
Replace Part R1 AC0805JR-070RL in H:\fedevel\project\ISL6236_RevA\Sheet1.SchDoc with AC0805JR-070RL from Sheet1_Lib.SchLib
Replace Part R2 AC0805JR-070RL in H:\fedevel\project\ISL6236_RevA\Sheet1.SchDoc with AC0805JR-070RL from Sheet1_Lib.SchLib
Replace Part R3 AC0805FR-0710RL in H:\fedevel\project\ISL6236_RevA\Sheet1.SchDoc with AC0805FR-0710RL from Sheet1_Lib.SchLib
Replace Part R4 AC0805FR-071RL in H:\fedevel\project\ISL6236_RevA\Sheet1.SchDoc with AC0805FR-071RL from Sheet1_Lib.SchLib
Replace Part R5 AC0805FR-071RL in H:\fedevel\project\ISL6236_RevA\Sheet1.SchDoc with AC0805FR-071RL from Sheet1_Lib.SchLib
Replace Part R6 AC0805FR-07200KL in H:\fedevel\project\ISL6236_RevA\Sheet1.SchDoc with AC0805FR-07200KL from Sheet1_Lib.SchLib
Replace Part R7 AC0805FR-07200KL in H:\fedevel\project\ISL6236_RevA\Sheet1.SchDoc with AC0805FR-07200KL from Sheet1_Lib.SchLib
Replace Part R8 AC0805FR-0710KL in H:\fedevel\project\ISL6236_RevA\Sheet1.SchDoc with AC0805FR-0710KL from Sheet1_Lib.SchLib
Replace Part R9 AC0805FR-07200KL in H:\fedevel\project\ISL6236_RevA\Sheet1.SchDoc with AC0805FR-07200KL from Sheet1_Lib.SchLib
Replace Part R10 AC0805FR-07200KL in H:\fedevel\project\ISL6236_RevA\Sheet1.SchDoc with AC0805FR-07200KL from Sheet1_Lib.SchLib
Replace Part R11 AC0805FR-0710KL in H:\fedevel\project\ISL6236_RevA\Sheet1.SchDoc with AC0805FR-0710KL from Sheet1_Lib.SchLib
Replace Part R12 RES in H:\fedevel\project\ISL6236_RevA\Sheet1.SchDoc with RES from Sheet1_Lib.SchLib
Replace Part R13 AC0805JR-070RL in H:\fedevel\project\ISL6236_RevA\Sheet1.SchDoc with AC0805JR-070RL from Sheet1_Lib.SchLib
Replace Part R14 RES in H:\fedevel\project\ISL6236_RevA\Sheet1.SchDoc with RES from Sheet1_Lib.SchLib
Replace Part R15 AC0805JR-070RL in H:\fedevel\project\ISL6236_RevA\Sheet1.SchDoc with AC0805JR-070RL from Sheet1_Lib.SchLib
Replace Part R16 RES in H:\fedevel\project\ISL6236_RevA\Sheet1.SchDoc with RES from Sheet1_Lib.SchLib
Replace Part R17 RES in H:\fedevel\project\ISL6236_RevA\Sheet1.SchDoc with RES from Sheet1_Lib.SchLib
Replace Part R18 RES in H:\fedevel\project\ISL6236_RevA\Sheet1.SchDoc with RES from Sheet1_Lib.SchLib
Replace Part U1 ISL6236AIRZ in H:\fedevel\project\ISL6236_RevA\Sheet1.SchDoc with ISL6236AIRZ from Sheet1_Lib.SchLib
